2025-08-27 13:19:10.133 - DBeaver 25.1.5.202508171444 is starting
2025-08-27 13:19:10.134 - OS: Windows 10 10.0 (amd64)
2025-08-27 13:19:10.134 - Java version: 21.0.5 by Eclipse Adoptium (64bit)
2025-08-27 13:19:10.134 - Install path: 'C:\Program Files\DBeaver'
2025-08-27 13:19:10.134 - Instance path: 'file:/C:/yoosh/oracle-workspace/'
2025-08-27 13:19:10.135 - Memory available 64Mb/1024Mb
2025-08-27 13:19:10.142 - Create display
> Start Eclipse IDE UI [org.eclipse.ui.ide 3.22.600.v20250523-1502]
2025-08-27 13:19:10.257 - Initialize desktop platform...
2025-08-27 13:19:10.329 - BounceCastle bundle found. Use JCE provider BC
> Start Core File Systems [org.eclipse.core.filesystem 1.11.200.v20250513-1234]
> Start Core Resource Management [org.eclipse.core.resources 3.22.200.v20250513-1234]
> Start 팀 지원 핵심 [org.eclipse.team.core 3.10.700.v20250313-0656]
> Start DBeaver UI Navigator [org.jkiss.dbeaver.ui.navigator 1.0.161.202508171444]
Warning: NLS unused message: WorkbenchPreference_reuseEditorsThreshold in: org.eclipse.ui.internal.messages
Warning: NLS unused message: 이유 in: org.eclipse.ui.internal.messages
2025-08-27 13:19:10.509 - Initialize base platform...
2025-08-27 13:19:10.529 - Platform initialized (272ms)
2025-08-27 13:19:10.555 - Starting instance server at http://localhost:49551
2025-08-27 13:19:10.559 - Run workbench
> Start Eclipse e4 작업영역 SWT [org.eclipse.e4.ui.workbench.swt 0.17.800.v20250422-1254]
> Start Eclipse Application Services [org.eclipse.e4.core.services 2.5.200.v20250326-1945]
> Start Eclipse UI Application Services [org.eclipse.e4.ui.services 1.6.500.v20250123-0754]
> Start Eclipse e4 Progress View [org.eclipse.e4.ui.progress 0.4.800.v20250422-1254]
> Start Eclipse Bindings Support [org.eclipse.e4.ui.bindings 0.14.600.v20250331-1050]
> Start Eclipse e4 core commands [org.eclipse.e4.core.commands 1.1.600.v20250307-1331]
> Start EMF XML/XMI Persistence [org.eclipse.emf.ecore.xmi 2.39.0.v20250414-1351]
> Start Eclipse CSS SWT Theme Support [org.eclipse.e4.ui.css.swt.theme 0.14.500.v20250213-1508]
> Start Eclipse e4 작업영역 기능 추가 [org.eclipse.e4.ui.workbench.addons.swt 1.5.700.v20250422-1254]
> Start Eclipse e4 작업영역 SWT 렌더러 [org.eclipse.e4.ui.workbench.renderers.swt 0.16.800.v20250519-1609]
> Start Eclipse Dependency Injection Extensions [org.eclipse.e4.core.di.extensions 0.18.300.v20240413-1529]
> Start Eclipse CSS SWT Support [org.eclipse.e4.ui.css.swt 0.15.600.v20250409-1135]
2025-08-27 13:19:11.398 - Configure workbench window
> Start DBeaver SQL Model [org.jkiss.dbeaver.model.sql 1.0.151.202508171444]
2025-08-27 13:19:11.493 - Total database drivers: 124 (124)
> Start 도움말 시스템 코어 [org.eclipse.help 3.10.500.v20250423-1201]
> Start 기본 문서 편집기 [org.eclipse.ui.editors 3.20.0.v20250514-1719]
> Start 텍스트 편집기 프레임워크 [org.eclipse.ui.workbench.texteditor 3.19.200.v20250514-1719]
2025-08-27 13:19:11.558 - Create actions
2025-08-27 13:19:11.569 - Disable Eclipse action set 'org.eclipse.ui.edit.text.actionSet.annotationNavigation'
2025-08-27 13:19:11.569 - Disable Eclipse action set 'org.eclipse.ui.WorkingSetActionSet'
2025-08-27 13:19:11.570 - Disable Eclipse action set 'org.eclipse.ui.actionSet.openFiles'
2025-08-27 13:19:11.570 - Create workbench actions
2025-08-27 13:19:12.369 - Initialize workbench window
2025-08-27 13:19:12.371 - Finish initialization
> Start DBeaver UI Editors - Data [org.jkiss.dbeaver.ui.editors.data 1.0.161.202508171444]
> Start Equinox Java Authentication and Authorization Service (JAAS) [org.eclipse.equinox.security 1.4.600.v20250521-0413]
> Start 인터넷 연결 관리 사용자 인터페이스 [org.eclipse.ui.net 1.5.400.v20240413-1529]
> Start Internet Connection Management [org.eclipse.core.net 1.5.700.v20250313-0656]
2025-08-27 13:19:12.470 - Resetting perspective due to the version change ( -> 25.1.2)
> Start DBeaver UI Editors - SQL [org.jkiss.dbeaver.ui.editors.sql 1.0.161.202508171444]
> Start DBeaver Dashboard UI [org.jkiss.dbeaver.ui.dashboard 1.0.158.202508171444]
> Start GEF Classic Draw2d [org.eclipse.draw2d 3.20.0.202505280821]
> Start GEF Classic GEF (MVC) [org.eclipse.gef 3.22.0.202505280821]
> Start DBeaver ERD UI [org.jkiss.dbeaver.ui.editors.erd 3.1.2.202508171444]
> Start DBeaver ERD Model [org.jkiss.dbeaver.model.erd 1.1.2.202508171444]
> Start DBeaver Sample Database [org.jkiss.dbeaver.ui.config.sample 1.0.198.202508171444]
2025-08-27 13:19:24.583 - Open [https://dbeaver.io/product/version.xml]
> Start DBeaver Tasks View [org.jkiss.dbeaver.tasks.ui.view 1.0.110.202508171444]
Warning: NLS unused message: FindReplace_RegExCheckbox_label in: org.eclipse.ui.texteditor.EditorMessages
Warning: NLS unused message: FindReplace_WrapCheckBox_label in: org.eclipse.ui.texteditor.EditorMessages
Warning: NLS unused message: FindReplace_IncrementalCheckBox_label in: org.eclipse.ui.texteditor.EditorMessages
Warning: NLS unused message: FindReplace_Options in: org.eclipse.ui.texteditor.EditorMessages
Warning: NLS unused message: FindReplace_ReplaceSelectionButton_label in: org.eclipse.ui.texteditor.EditorMessages
Warning: NLS unused message: FindReplace_SelectedRangeRadioButton_label in: org.eclipse.ui.texteditor.EditorMessages
Warning: NLS unused message: FindReplace_SelectAllButton_label in: org.eclipse.ui.texteditor.EditorMessages
Warning: NLS unused message: FindReplace_GlobalRadioButton_label in: org.eclipse.ui.texteditor.EditorMessages
Warning: NLS unused message: FindReplace_WholeWordCheckBox_label in: org.eclipse.ui.texteditor.EditorMessages
Warning: NLS unused message: FindReplace_ReplaceFindButton_label in: org.eclipse.ui.texteditor.EditorMessages
Warning: NLS unused message: FindReplace_BackwardRadioButton_label in: org.eclipse.ui.texteditor.EditorMessages
Warning: NLS unused message: FindReplace_CloseButton_label in: org.eclipse.ui.texteditor.EditorMessages
Warning: NLS unused message: FindReplace_Replace_label in: org.eclipse.ui.texteditor.EditorMessages
Warning: NLS unused message: FindReplace_CaseCheckBox_label in: org.eclipse.ui.texteditor.EditorMessages
Warning: NLS unused message: FindReplace_Status_replacements_label in: org.eclipse.ui.texteditor.EditorMessages
Warning: NLS unused message: FindReplace_title in: org.eclipse.ui.texteditor.EditorMessages
Warning: NLS unused message: FindReplace_Direction in: org.eclipse.ui.texteditor.EditorMessages
Warning: NLS unused message: FindReplace_ReplaceAllButton_label in: org.eclipse.ui.texteditor.EditorMessages
Warning: NLS unused message: FindReplace_Scope in: org.eclipse.ui.texteditor.EditorMessages
Warning: NLS unused message: FindReplace_Find_label in: org.eclipse.ui.texteditor.EditorMessages
Warning: NLS unused message: FindReplace_ForwardRadioButton_label in: org.eclipse.ui.texteditor.EditorMessages
Warning: NLS unused message: FindReplace_FindNextButton_label in: org.eclipse.ui.texteditor.EditorMessages
> Start DBeaver SQL Terminal [org.jkiss.dbeaver.ui.editors.sql.terminal 1.0.137.202508171444]
> Start DBeaver AI Model [org.jkiss.dbeaver.model.ai 2.0.4.202508171444]
> Start DBeaver AI UI [org.jkiss.dbeaver.ui.ai 1.0.63.202508171444]
> Start 핵심 비교 지원 [org.eclipse.compare.core 3.8.700.v20250120-0641]
> Start 콘솔 [org.eclipse.ui.console 3.14.300.v20250509-1251]
> Start 디버그 핵심 [org.eclipse.debug.core 3.23.0.v20250509-1924]
2025-08-27 13:19:44.667 - Delete empty SQL script '\General\Scripts\Script.sql'
> Start DBeaver SQL Language Semantic Model [org.jkiss.dbeaver.model.lsm 1.0.56.202508171444]
> Start DBeaver Tasks - General UI [org.jkiss.dbeaver.tasks.ui 1.0.139.202508171444]
2025-08-27 13:20:54.623 - Open external file(s) [[C:\yoosh\oracle-workspace\04_DQL(SELECT)_JOIN.sql]]
> Start Equinox Provisioning Metadata [org.eclipse.equinox.p2.metadata 2.9.400.v20250517-1821]
> Start 팀 지원 사용자 인터페이스 [org.eclipse.team.ui 3.11.100.v20250509-1307]
2025-08-27 13:23:10.489 - Dispose navigator model
2025-08-27 13:23:10.530 - DBeaver is stopping
2025-08-27 13:23:10.534 - Stop instance server
2025-08-27 13:23:11.537 - Instance server has been stopped
2025-08-27 13:23:11.538 - DBeaver shutdown completed
